This file contains any messages produced by compilers while
running configure, to aid debugging if configure makes a mistake.

It was created by configure, which was
generated by GNU Autoconf 2.61.  Invocation command line was

  $ ./configure 

## --------- ##
## Platform. ##
## --------- ##

hostname = BUZZ-04
uname -m = x86_64
uname -r = 4.4.0-87-generic
uname -s = Linux
uname -v = #110-Ubuntu SMP Tue Jul 18 12:55:35 UTC 2017

/usr/bin/uname -p = unknown
/bin/uname -X     = unknown

/bin/arch              = unknown
/usr/bin/arch -k       = unknown
/usr/convex/getsysinfo = unknown
/usr/bin/hostinfo      = unknown
/bin/machine           = unknown
/usr/bin/oslevel       = unknown
/bin/universe          = unknown

PATH: /home/me/bin
PATH: /home/me/.local/bin
PATH: /usr/local/sbin
PATH: /usr/local/bin
PATH: /usr/sbin
PATH: /usr/bin
PATH: /sbin
PATH: /bin
PATH: /usr/games
PATH: /usr/local/games
PATH: /snap/bin


## ----------- ##
## Core tests. ##
## ----------- ##

configure:1766: checking for gawk
configure:1782: found /usr/bin/gawk
configure:1793: result: gawk
configure:1805: checking version of the package
configure:1809: result: 2.8.0
configure:1824: result: 2.8.0
configure:1915: checking for gcc
configure:1931: found /usr/bin/gcc
configure:1942: result: gcc
configure:2180: checking for C compiler version
configure:2187: gcc --version >&5
gcc (Ubuntu 5.4.0-6ubuntu1~16.04.9) 5.4.0 20160609
Copyright (C) 2015 Free Software Foundation, Inc.
This is free software; see the source for copying conditions.  There is NO
warranty; not even for MERCHANTABILITY or FITNESS FOR A PARTICULAR PURPOSE.

configure:2190: $? = 0
configure:2197: gcc -v >&5
Using built-in specs.
COLLECT_GCC=gcc
COLLECT_LTO_WRAPPER=/usr/lib/gcc/x86_64-linux-gnu/5/lto-wrapper
Target: x86_64-linux-gnu
Configured with: ../src/configure -v --with-pkgversion='Ubuntu 5.4.0-6ubuntu1~16.04.9' --with-bugurl=file:///usr/share/doc/gcc-5/README.Bugs --enable-languages=c,ada,c++,java,go,d,fortran,objc,obj-c++ --prefix=/usr --program-suffix=-5 --enable-shared --enable-linker-build-id --libexecdir=/usr/lib --without-included-gettext --enable-threads=posix --libdir=/usr/lib --enable-nls --with-sysroot=/ --enable-clocale=gnu --enable-libstdcxx-debug --enable-libstdcxx-time=yes --with-default-libstdcxx-abi=new --enable-gnu-unique-object --disable-vtable-verify --enable-libmpx --enable-plugin --with-system-zlib --disable-browser-plugin --enable-java-awt=gtk --enable-gtk-cairo --with-java-home=/usr/lib/jvm/java-1.5.0-gcj-5-amd64/jre --enable-java-home --with-jvm-root-dir=/usr/lib/jvm/java-1.5.0-gcj-5-amd64 --with-jvm-jar-dir=/usr/lib/jvm-exports/java-1.5.0-gcj-5-amd64 --with-arch-directory=amd64 --with-ecj-jar=/usr/share/java/eclipse-ecj.jar --enable-objc-gc --enable-multiarch --disable-werror --with-arch-32=i686 --with-abi=m64 --with-multilib-list=m32,m64,mx32 --enable-multilib --with-tune=generic --enable-checking=release --build=x86_64-linux-gnu --host=x86_64-linux-gnu --target=x86_64-linux-gnu
Thread model: posix
gcc version 5.4.0 20160609 (Ubuntu 5.4.0-6ubuntu1~16.04.9) 
configure:2200: $? = 0
configure:2207: gcc -V >&5
gcc: error: unrecognized command line option '-V'
gcc: fatal error: no input files
compilation terminated.
configure:2210: $? = 1
configure:2233: checking for C compiler default output file name
configure:2260: gcc    conftest.c  >&5
configure:2263: $? = 0
configure:2301: result: a.out
configure:2318: checking whether the C compiler works
configure:2328: ./a.out
configure:2331: $? = 0
configure:2348: result: yes
configure:2355: checking whether we are cross compiling
configure:2357: result: no
configure:2360: checking for suffix of executables
configure:2367: gcc -o conftest    conftest.c  >&5
configure:2370: $? = 0
configure:2394: result: 
configure:2400: checking for suffix of object files
configure:2426: gcc -c   conftest.c >&5
configure:2429: $? = 0
configure:2452: result: o
configure:2456: checking whether we are using the GNU C compiler
configure:2485: gcc -c   conftest.c >&5
configure:2491: $? = 0
configure:2508: result: yes
configure:2513: checking whether gcc accepts -g
configure:2543: gcc -c -g  conftest.c >&5
configure:2549: $? = 0
configure:2648: result: yes
configure:2665: checking for gcc option to accept ISO C89
configure:2739: gcc  -c -g -O2  conftest.c >&5
configure:2745: $? = 0
configure:2768: result: none needed
configure:2791: checking how to run the C preprocessor
configure:2831: gcc -E  conftest.c
configure:2837: $? = 0
configure:2868: gcc -E  conftest.c
conftest.c:12:28: fatal error: ac_nonexistent.h: No such file or directory
compilation terminated.
configure:2874: $? = 1
configure: failed program was:
| /* confdefs.h.  */
| #define PACKAGE_NAME ""
| #define PACKAGE_TARNAME ""
| #define PACKAGE_VERSION ""
| #define PACKAGE_STRING ""
| #define PACKAGE_BUGREPORT ""
| #define SDCC_VERSION_LO 8
| #define SDCC_VERSION_HI 2
| #define SDCC_VERSION_P 0
| #define SDCC_VERSION_STR "2.8.0"
| /* end confdefs.h.  */
| #include <ac_nonexistent.h>
configure:2907: result: gcc -E
configure:2936: gcc -E  conftest.c
configure:2942: $? = 0
configure:2973: gcc -E  conftest.c
conftest.c:12:28: fatal error: ac_nonexistent.h: No such file or directory
compilation terminated.
configure:2979: $? = 1
configure: failed program was:
| /* confdefs.h.  */
| #define PACKAGE_NAME ""
| #define PACKAGE_TARNAME ""
| #define PACKAGE_VERSION ""
| #define PACKAGE_STRING ""
| #define PACKAGE_BUGREPORT ""
| #define SDCC_VERSION_LO 8
| #define SDCC_VERSION_HI 2
| #define SDCC_VERSION_P 0
| #define SDCC_VERSION_STR "2.8.0"
| /* end confdefs.h.  */
| #include <ac_nonexistent.h>
configure:3060: checking for a BSD-compatible install
configure:3116: result: /usr/bin/install -c
configure:3170: checking for ranlib
configure:3186: found /usr/bin/ranlib
configure:3197: result: ranlib
configure:3225: checking for autoconf
configure:3241: found /usr/bin/autoconf
configure:3253: result: autoconf
configure:3263: checking for strip
configure:3279: found /usr/bin/strip
configure:3291: result: strip
configure:3301: checking for as
configure:3317: found /usr/bin/as
configure:3329: result: as
configure:3339: checking for cp
configure:3355: found /bin/cp
configure:3367: result: cp
configure:3380: checking for flex
configure:3396: found /usr/bin/flex
configure:3407: result: flex
configure:3424: checking for bison
configure:3440: found /usr/bin/bison
configure:3451: result: bison -y
configure:3494: checking for strerror
configure:3550: gcc -o conftest -g -O2   conftest.c  >&5
configure:3556: $? = 0
configure:3574: result: yes
configure:3591: checking for vsnprintf
configure:3647: gcc -o conftest -g -O2   conftest.c  >&5
conftest.c:36:6: warning: conflicting types for built-in function 'vsnprintf'
 char vsnprintf ();
      ^
configure:3653: $? = 0
configure:3671: result: yes
configure:3591: checking for snprintf
configure:3647: gcc -o conftest -g -O2   conftest.c  >&5
conftest.c:37:6: warning: conflicting types for built-in function 'snprintf'
 char snprintf ();
      ^
configure:3653: $? = 0
configure:3671: result: yes
configure:3591: checking for vsprintf
configure:3647: gcc -o conftest -g -O2   conftest.c  >&5
conftest.c:38:6: warning: conflicting types for built-in function 'vsprintf'
 char vsprintf ();
      ^
configure:3653: $? = 0
configure:3671: result: yes
configure:3591: checking for mkstemp
configure:3647: gcc -o conftest -g -O2   conftest.c  >&5
configure:3653: $? = 0
configure:3671: result: yes
configure:3756: checking whether preprocessor accepts -MM or -M
Using built-in specs.
COLLECT_GCC=gcc
Target: x86_64-linux-gnu
Configured with: ../src/configure -v --with-pkgversion='Ubuntu 5.4.0-6ubuntu1~16.04.9' --with-bugurl=file:///usr/share/doc/gcc-5/README.Bugs --enable-languages=c,ada,c++,java,go,d,fortran,objc,obj-c++ --prefix=/usr --program-suffix=-5 --enable-shared --enable-linker-build-id --libexecdir=/usr/lib --without-included-gettext --enable-threads=posix --libdir=/usr/lib --enable-nls --with-sysroot=/ --enable-clocale=gnu --enable-libstdcxx-debug --enable-libstdcxx-time=yes --with-default-libstdcxx-abi=new --enable-gnu-unique-object --disable-vtable-verify --enable-libmpx --enable-plugin --with-system-zlib --disable-browser-plugin --enable-java-awt=gtk --enable-gtk-cairo --with-java-home=/usr/lib/jvm/java-1.5.0-gcj-5-amd64/jre --enable-java-home --with-jvm-root-dir=/usr/lib/jvm/java-1.5.0-gcj-5-amd64 --with-jvm-jar-dir=/usr/lib/jvm-exports/java-1.5.0-gcj-5-amd64 --with-arch-directory=amd64 --with-ecj-jar=/usr/share/java/eclipse-ecj.jar --enable-objc-gc --enable-multiarch --disable-werror --with-arch-32=i686 --with-abi=m64 --with-multilib-list=m32,m64,mx32 --enable-multilib --with-tune=generic --enable-checking=release --build=x86_64-linux-gnu --host=x86_64-linux-gnu --target=x86_64-linux-gnu
Thread model: posix
gcc version 5.4.0 20160609 (Ubuntu 5.4.0-6ubuntu1~16.04.9) 
COLLECT_GCC_OPTIONS='-E' '-v' '-MM' '-mtune=generic' '-march=x86-64'
 /usr/lib/gcc/x86_64-linux-gnu/5/cc1 -E -quiet -v -imultiarch x86_64-linux-gnu -MM _test_.c -mtune=generic -march=x86-64 -fstack-protector-strong -Wformat -Wformat-security
ignoring nonexistent directory "/usr/local/include/x86_64-linux-gnu"
ignoring nonexistent directory "/usr/lib/gcc/x86_64-linux-gnu/5/../../../../x86_64-linux-gnu/include"
#include "..." search starts here:
#include <...> search starts here:
 /usr/lib/gcc/x86_64-linux-gnu/5/include
 /usr/local/include
 /usr/lib/gcc/x86_64-linux-gnu/5/include-fixed
 /usr/include/x86_64-linux-gnu
 /usr/include
End of search list.
_test_.o: _test_.c
COMPILER_PATH=/usr/lib/gcc/x86_64-linux-gnu/5/:/usr/lib/gcc/x86_64-linux-gnu/5/:/usr/lib/gcc/x86_64-linux-gnu/:/usr/lib/gcc/x86_64-linux-gnu/5/:/usr/lib/gcc/x86_64-linux-gnu/
LIBRARY_PATH=/usr/lib/gcc/x86_64-linux-gnu/5/:/usr/lib/gcc/x86_64-linux-gnu/5/../../../x86_64-linux-gnu/:/usr/lib/gcc/x86_64-linux-gnu/5/../../../../lib/:/lib/x86_64-linux-gnu/:/lib/../lib/:/usr/lib/x86_64-linux-gnu/:/usr/lib/../lib/:/usr/lib/gcc/x86_64-linux-gnu/5/../../../:/lib/:/usr/lib/
COLLECT_GCC_OPTIONS='-E' '-v' '-MM' '-mtune=generic' '-march=x86-64'
configure:3771: result: -MM
configure:3778: checking whether gcc accepts -ggdb
Using built-in specs.
COLLECT_GCC=gcc
Target: x86_64-linux-gnu
Configured with: ../src/configure -v --with-pkgversion='Ubuntu 5.4.0-6ubuntu1~16.04.9' --with-bugurl=file:///usr/share/doc/gcc-5/README.Bugs --enable-languages=c,ada,c++,java,go,d,fortran,objc,obj-c++ --prefix=/usr --program-suffix=-5 --enable-shared --enable-linker-build-id --libexecdir=/usr/lib --without-included-gettext --enable-threads=posix --libdir=/usr/lib --enable-nls --with-sysroot=/ --enable-clocale=gnu --enable-libstdcxx-debug --enable-libstdcxx-time=yes --with-default-libstdcxx-abi=new --enable-gnu-unique-object --disable-vtable-verify --enable-libmpx --enable-plugin --with-system-zlib --disable-browser-plugin --enable-java-awt=gtk --enable-gtk-cairo --with-java-home=/usr/lib/jvm/java-1.5.0-gcj-5-amd64/jre --enable-java-home --with-jvm-root-dir=/usr/lib/jvm/java-1.5.0-gcj-5-amd64 --with-jvm-jar-dir=/usr/lib/jvm-exports/java-1.5.0-gcj-5-amd64 --with-arch-directory=amd64 --with-ecj-jar=/usr/share/java/eclipse-ecj.jar --enable-objc-gc --enable-multiarch --disable-werror --with-arch-32=i686 --with-abi=m64 --with-multilib-list=m32,m64,mx32 --enable-multilib --with-tune=generic --enable-checking=release --build=x86_64-linux-gnu --host=x86_64-linux-gnu --target=x86_64-linux-gnu
Thread model: posix
gcc version 5.4.0 20160609 (Ubuntu 5.4.0-6ubuntu1~16.04.9) 
COLLECT_GCC_OPTIONS='-v' '-ggdb' '-c' '-mtune=generic' '-march=x86-64'
 /usr/lib/gcc/x86_64-linux-gnu/5/cc1 -quiet -v -imultiarch x86_64-linux-gnu _test_.c -quiet -dumpbase _test_.c -mtune=generic -march=x86-64 -auxbase _test_ -ggdb -version -fstack-protector-strong -Wformat -Wformat-security -o /tmp/ccnKFDzK.s
GNU C11 (Ubuntu 5.4.0-6ubuntu1~16.04.9) version 5.4.0 20160609 (x86_64-linux-gnu)
	compiled by GNU C version 5.4.0 20160609, GMP version 6.1.0, MPFR version 3.1.4, MPC version 1.0.3
GGC heuristics: --param ggc-min-expand=100 --param ggc-min-heapsize=131072
ignoring nonexistent directory "/usr/local/include/x86_64-linux-gnu"
ignoring nonexistent directory "/usr/lib/gcc/x86_64-linux-gnu/5/../../../../x86_64-linux-gnu/include"
#include "..." search starts here:
#include <...> search starts here:
 /usr/lib/gcc/x86_64-linux-gnu/5/include
 /usr/local/include
 /usr/lib/gcc/x86_64-linux-gnu/5/include-fixed
 /usr/include/x86_64-linux-gnu
 /usr/include
End of search list.
GNU C11 (Ubuntu 5.4.0-6ubuntu1~16.04.9) version 5.4.0 20160609 (x86_64-linux-gnu)
	compiled by GNU C version 5.4.0 20160609, GMP version 6.1.0, MPFR version 3.1.4, MPC version 1.0.3
GGC heuristics: --param ggc-min-expand=100 --param ggc-min-heapsize=131072
Compiler executable checksum: d079eab342c322d6be59e8628e10ae67
COLLECT_GCC_OPTIONS='-v' '-ggdb' '-c' '-mtune=generic' '-march=x86-64'
 as -v --64 -o _test_.o /tmp/ccnKFDzK.s
GNU assembler version 2.26.1 (x86_64-linux-gnu) using BFD version (GNU Binutils for Ubuntu) 2.26.1
COMPILER_PATH=/usr/lib/gcc/x86_64-linux-gnu/5/:/usr/lib/gcc/x86_64-linux-gnu/5/:/usr/lib/gcc/x86_64-linux-gnu/:/usr/lib/gcc/x86_64-linux-gnu/5/:/usr/lib/gcc/x86_64-linux-gnu/
LIBRARY_PATH=/usr/lib/gcc/x86_64-linux-gnu/5/:/usr/lib/gcc/x86_64-linux-gnu/5/../../../x86_64-linux-gnu/:/usr/lib/gcc/x86_64-linux-gnu/5/../../../../lib/:/lib/x86_64-linux-gnu/:/lib/../lib/:/usr/lib/x86_64-linux-gnu/:/usr/lib/../lib/:/usr/lib/gcc/x86_64-linux-gnu/5/../../../:/lib/:/usr/lib/
COLLECT_GCC_OPTIONS='-v' '-ggdb' '-c' '-mtune=generic' '-march=x86-64'
configure:3795: result: yes
configure:3803: checking whether gcc accepts -pipe
Using built-in specs.
COLLECT_GCC=gcc
Target: x86_64-linux-gnu
Configured with: ../src/configure -v --with-pkgversion='Ubuntu 5.4.0-6ubuntu1~16.04.9' --with-bugurl=file:///usr/share/doc/gcc-5/README.Bugs --enable-languages=c,ada,c++,java,go,d,fortran,objc,obj-c++ --prefix=/usr --program-suffix=-5 --enable-shared --enable-linker-build-id --libexecdir=/usr/lib --without-included-gettext --enable-threads=posix --libdir=/usr/lib --enable-nls --with-sysroot=/ --enable-clocale=gnu --enable-libstdcxx-debug --enable-libstdcxx-time=yes --with-default-libstdcxx-abi=new --enable-gnu-unique-object --disable-vtable-verify --enable-libmpx --enable-plugin --with-system-zlib --disable-browser-plugin --enable-java-awt=gtk --enable-gtk-cairo --with-java-home=/usr/lib/jvm/java-1.5.0-gcj-5-amd64/jre --enable-java-home --with-jvm-root-dir=/usr/lib/jvm/java-1.5.0-gcj-5-amd64 --with-jvm-jar-dir=/usr/lib/jvm-exports/java-1.5.0-gcj-5-amd64 --with-arch-directory=amd64 --with-ecj-jar=/usr/share/java/eclipse-ecj.jar --enable-objc-gc --enable-multiarch --disable-werror --with-arch-32=i686 --with-abi=m64 --with-multilib-list=m32,m64,mx32 --enable-multilib --with-tune=generic --enable-checking=release --build=x86_64-linux-gnu --host=x86_64-linux-gnu --target=x86_64-linux-gnu
Thread model: posix
gcc version 5.4.0 20160609 (Ubuntu 5.4.0-6ubuntu1~16.04.9) 
COLLECT_GCC_OPTIONS='-v' '-pipe' '-c' '-mtune=generic' '-march=x86-64'
 /usr/lib/gcc/x86_64-linux-gnu/5/cc1 -quiet -v -imultiarch x86_64-linux-gnu _test_.c -quiet -dumpbase _test_.c -mtune=generic -march=x86-64 -auxbase _test_ -version -fstack-protector-strong -Wformat -Wformat-security -o - |
 as -v --64 -o _test_.o
GNU assembler version 2.26.1 (x86_64-linux-gnu) using BFD version (GNU Binutils for Ubuntu) 2.26.1
GNU C11 (Ubuntu 5.4.0-6ubuntu1~16.04.9) version 5.4.0 20160609 (x86_64-linux-gnu)
	compiled by GNU C version 5.4.0 20160609, GMP version 6.1.0, MPFR version 3.1.4, MPC version 1.0.3
GGC heuristics: --param ggc-min-expand=100 --param ggc-min-heapsize=131072
ignoring nonexistent directory "/usr/local/include/x86_64-linux-gnu"
ignoring nonexistent directory "/usr/lib/gcc/x86_64-linux-gnu/5/../../../../x86_64-linux-gnu/include"
#include "..." search starts here:
#include <...> search starts here:
 /usr/lib/gcc/x86_64-linux-gnu/5/include
 /usr/local/include
 /usr/lib/gcc/x86_64-linux-gnu/5/include-fixed
 /usr/include/x86_64-linux-gnu
 /usr/include
End of search list.
GNU C11 (Ubuntu 5.4.0-6ubuntu1~16.04.9) version 5.4.0 20160609 (x86_64-linux-gnu)
	compiled by GNU C version 5.4.0 20160609, GMP version 6.1.0, MPFR version 3.1.4, MPC version 1.0.3
GGC heuristics: --param ggc-min-expand=100 --param ggc-min-heapsize=131072
Compiler executable checksum: d079eab342c322d6be59e8628e10ae67
COMPILER_PATH=/usr/lib/gcc/x86_64-linux-gnu/5/:/usr/lib/gcc/x86_64-linux-gnu/5/:/usr/lib/gcc/x86_64-linux-gnu/:/usr/lib/gcc/x86_64-linux-gnu/5/:/usr/lib/gcc/x86_64-linux-gnu/
LIBRARY_PATH=/usr/lib/gcc/x86_64-linux-gnu/5/:/usr/lib/gcc/x86_64-linux-gnu/5/../../../x86_64-linux-gnu/:/usr/lib/gcc/x86_64-linux-gnu/5/../../../../lib/:/lib/x86_64-linux-gnu/:/lib/../lib/:/usr/lib/x86_64-linux-gnu/:/usr/lib/../lib/:/usr/lib/gcc/x86_64-linux-gnu/5/../../../:/lib/:/usr/lib/
COLLECT_GCC_OPTIONS='-v' '-pipe' '-c' '-mtune=generic' '-march=x86-64'
configure:3820: result: yes
configure:3830: checking return type of signal handlers
configure:3858: gcc -c -pipe -ggdb -g -O2  conftest.c >&5
conftest.c: In function 'main':
conftest.c:23:9: error: void value not ignored as it ought to be
 return *(signal (0, 0)) (0) == 1;
         ^
configure:3864: $? = 1
configure: failed program was:
| /* confdefs.h.  */
| #define PACKAGE_NAME ""
| #define PACKAGE_TARNAME ""
| #define PACKAGE_VERSION ""
| #define PACKAGE_STRING ""
| #define PACKAGE_BUGREPORT ""
| #define SDCC_VERSION_LO 8
| #define SDCC_VERSION_HI 2
| #define SDCC_VERSION_P 0
| #define SDCC_VERSION_STR "2.8.0"
| #define HAVE_STRERROR 1
| #define HAVE_VSNPRINTF 1
| #define HAVE_SNPRINTF 1
| #define HAVE_VSPRINTF 1
| #define HAVE_MKSTEMP 1
| /* end confdefs.h.  */
| #include <sys/types.h>
| #include <signal.h>
| 
| int
| main ()
| {
| return *(signal (0, 0)) (0) == 1;
|   ;
|   return 0;
| }
configure:3879: result: void
configure:3889: checking for grep that handles long lines and -e
configure:3963: result: /bin/grep
configure:3968: checking for egrep
configure:4046: result: /bin/grep -E
configure:4051: checking for ANSI C header files
configure:4081: gcc -c -pipe -ggdb -g -O2  conftest.c >&5
configure:4087: $? = 0
configure:4186: gcc -o conftest -pipe -ggdb -g -O2   conftest.c  >&5
configure:4189: $? = 0
configure:4195: ./conftest
configure:4198: $? = 0
configure:4215: result: yes
configure:4239: checking for sys/types.h
configure:4260: gcc -c -pipe -ggdb -g -O2  conftest.c >&5
configure:4266: $? = 0
configure:4282: result: yes
configure:4239: checking for sys/stat.h
configure:4260: gcc -c -pipe -ggdb -g -O2  conftest.c >&5
configure:4266: $? = 0
configure:4282: result: yes
configure:4239: checking for stdlib.h
configure:4260: gcc -c -pipe -ggdb -g -O2  conftest.c >&5
configure:4266: $? = 0
configure:4282: result: yes
configure:4239: checking for string.h
configure:4260: gcc -c -pipe -ggdb -g -O2  conftest.c >&5
configure:4266: $? = 0
configure:4282: result: yes
configure:4239: checking for memory.h
configure:4260: gcc -c -pipe -ggdb -g -O2  conftest.c >&5
configure:4266: $? = 0
configure:4282: result: yes
configure:4239: checking for strings.h
configure:4260: gcc -c -pipe -ggdb -g -O2  conftest.c >&5
configure:4266: $? = 0
configure:4282: result: yes
configure:4239: checking for inttypes.h
configure:4260: gcc -c -pipe -ggdb -g -O2  conftest.c >&5
configure:4266: $? = 0
configure:4282: result: yes
configure:4239: checking for stdint.h
configure:4260: gcc -c -pipe -ggdb -g -O2  conftest.c >&5
configure:4266: $? = 0
configure:4282: result: yes
configure:4239: checking for unistd.h
configure:4260: gcc -c -pipe -ggdb -g -O2  conftest.c >&5
configure:4266: $? = 0
configure:4282: result: yes
configure:4294: checking for char
configure:4324: gcc -c -pipe -ggdb -g -O2  conftest.c >&5
configure:4330: $? = 0
configure:4345: result: yes
configure:4352: checking size of char
configure:4654: gcc -o conftest -pipe -ggdb -g -O2   conftest.c  >&5
configure:4657: $? = 0
configure:4663: ./conftest
configure:4666: $? = 0
configure:4689: result: 1
configure:4699: checking for short
configure:4729: gcc -c -pipe -ggdb -g -O2  conftest.c >&5
configure:4735: $? = 0
configure:4750: result: yes
configure:4757: checking size of short
configure:5059: gcc -o conftest -pipe -ggdb -g -O2   conftest.c  >&5
configure:5062: $? = 0
configure:5068: ./conftest
configure:5071: $? = 0
configure:5094: result: 2
configure:5104: checking for int
configure:5134: gcc -c -pipe -ggdb -g -O2  conftest.c >&5
configure:5140: $? = 0
configure:5155: result: yes
configure:5162: checking size of int
configure:5464: gcc -o conftest -pipe -ggdb -g -O2   conftest.c  >&5
configure:5467: $? = 0
configure:5473: ./conftest
configure:5476: $? = 0
configure:5499: result: 4
configure:5509: checking for long
configure:5539: gcc -c -pipe -ggdb -g -O2  conftest.c >&5
configure:5545: $? = 0
configure:5560: result: yes
configure:5567: checking size of long
configure:5869: gcc -o conftest -pipe -ggdb -g -O2   conftest.c  >&5
configure:5872: $? = 0
configure:5878: ./conftest
configure:5881: $? = 0
configure:5904: result: 8
configure:5915: checking whether char is unsigned
configure:5943: gcc -c -pipe -ggdb -g -O2  conftest.c >&5
configure:5949: $? = 0
configure:5964: result: no
configure:5995: checking type name for byte
configure:6003: result: char
configure:6005: checking type name for word
configure:6008: result: short
configure:6010: checking type name for dword
configure:6013: result: int
configure:6047: checking whether host machine byte ordering is bigendian
configure:6080: gcc -c -pipe -ggdb -g -O2  conftest.c >&5
configure:6086: $? = 0
configure:6118: gcc -c -pipe -ggdb -g -O2  conftest.c >&5
conftest.c: In function 'main':
conftest.c:45:2: error: unknown type name 'not'
  not big endian
  ^
conftest.c:45:10: error: expected '=', ',', ';', 'asm' or '__attribute__' before 'endian'
  not big endian
          ^
configure:6124: $? = 1
configure: failed program was:
| /* confdefs.h.  */
| #define PACKAGE_NAME ""
| #define PACKAGE_TARNAME ""
| #define PACKAGE_VERSION ""
| #define PACKAGE_STRING ""
| #define PACKAGE_BUGREPORT ""
| #define SDCC_VERSION_LO 8
| #define SDCC_VERSION_HI 2
| #define SDCC_VERSION_P 0
| #define SDCC_VERSION_STR "2.8.0"
| #define HAVE_STRERROR 1
| #define HAVE_VSNPRINTF 1
| #define HAVE_SNPRINTF 1
| #define HAVE_VSPRINTF 1
| #define HAVE_MKSTEMP 1
| #define RETSIGTYPE void
| #define STDC_HEADERS 1
| #define HAVE_SYS_TYPES_H 1
| #define HAVE_SYS_STAT_H 1
| #define HAVE_STDLIB_H 1
| #define HAVE_STRING_H 1
| #define HAVE_MEMORY_H 1
| #define HAVE_STRINGS_H 1
| #define HAVE_INTTYPES_H 1
| #define HAVE_STDINT_H 1
| #define HAVE_UNISTD_H 1
| #define SIZEOF_CHAR 1
| #define SIZEOF_SHORT 2
| #define SIZEOF_INT 4
| #define SIZEOF_LONG 8
| #define TYPE_BYTE char
| #define TYPE_WORD short
| #define TYPE_DWORD int
| #define TYPE_UBYTE unsigned char
| #define TYPE_UWORD unsigned short
| #define TYPE_UDWORD unsigned int
| /* end confdefs.h.  */
| #include <sys/types.h>
| #include <sys/param.h>
| 
| int
| main ()
| {
| #if BYTE_ORDER != BIG_ENDIAN
|  not big endian
| #endif
| 
|   ;
|   return 0;
| }
configure:6264: result: no
configure:7771: creating ./config.status

## ---------------------- ##
## Running config.status. ##
## ---------------------- ##

This file was extended by config.status, which was
generated by GNU Autoconf 2.61.  Invocation command line was

  CONFIG_FILES    = 
  CONFIG_HEADERS  = 
  CONFIG_LINKS    = 
  CONFIG_COMMANDS = 
  $ ./config.status 

on BUZZ-04

config.status:670: creating doc/Makefile
config.status:670: creating src/avr/Makefile
config.status:670: creating src/ds390/Makefile
config.status:670: creating device/lib/ds390/Makefile
config.status:670: creating src/ds400/Makefile
config.status:670: creating device/lib/ds400/Makefile
config.status:670: creating src/hc08/Makefile
config.status:670: creating as/hc08/Makefile
config.status:670: creating as/link/hc08/Makefile
config.status:670: creating device/lib/hc08/Makefile
config.status:670: creating src/mcs51/Makefile
config.status:670: creating as/mcs51/Makefile
config.status:670: creating as/link/mcs51/Makefile
config.status:670: creating device/lib/mcs51/Makefile
config.status:670: creating device/lib/small/Makefile
config.status:670: creating device/lib/medium/Makefile
config.status:670: creating device/lib/large/Makefile
config.status:670: creating src/pic/Makefile
config.status:670: creating src/pic16/Makefile
config.status:670: creating src/xa51/Makefile
config.status:670: creating src/z80/Makefile
config.status:670: creating as/Makefile
config.status:670: creating as/z80/Makefile
config.status:670: creating as/link/Makefile
config.status:670: creating as/link/z80/Makefile
config.status:670: creating device/lib/z80/Makefile
config.status:670: creating device/lib/gbz80/Makefile
config.status:670: creating device/lib/Makefile
config.status:670: creating main.mk
config.status:670: creating src/Makefile
config.status:670: creating device/include/Makefile
config.status:670: creating support/librarian/Makefile
config.status:670: creating support/makebin/Makefile
config.status:670: creating support/regression/Makefile
config.status:670: creating support/valdiag/Makefile
config.status:670: creating Makefile
config.status:670: creating Makefile.common
config.status:670: creating sdccconf.h
configure:8908: === configuring in support/cpp2 (/home/me/sdcc/support/cpp2)
configure:9011: running /bin/bash ./configure '--prefix=/usr/local'  'docdir=${datarootdir}/doc/${PACKAGE}' --cache-file=/dev/null --srcdir=.
configure:8908: === configuring in support/packihx (/home/me/sdcc/support/packihx)
configure:9011: running /bin/bash ./configure '--prefix=/usr/local'  'docdir=${datarootdir}/doc/${PACKAGE}' --cache-file=/dev/null --srcdir=.
configure:8908: === configuring in sim/ucsim (/home/me/sdcc/sim/ucsim)
configure:9011: running /bin/bash ./configure '--prefix=/usr/local'  'docdir=${datarootdir}/doc/${PACKAGE}' --cache-file=/dev/null --srcdir=.
configure:8908: === configuring in debugger/mcs51 (/home/me/sdcc/debugger/mcs51)
configure:9011: running /bin/bash ./configure '--prefix=/usr/local'  'docdir=${datarootdir}/doc/${PACKAGE}' --cache-file=/dev/null --srcdir=.
configure:8908: === configuring in device/lib/pic (/home/me/sdcc/device/lib/pic)
configure:9011: running /bin/bash ./configure '--prefix=/usr/local'  'docdir=${datarootdir}/doc/${PACKAGE}' --cache-file=/dev/null --srcdir=.
configure:8908: === configuring in device/lib/pic16 (/home/me/sdcc/device/lib/pic16)
configure:9011: running /bin/bash ./configure '--prefix=/usr/local'  'docdir=${datarootdir}/doc/${PACKAGE}' --cache-file=/dev/null --srcdir=.
configure:9197: result:
sdcc 2.8.0 is now configured for

  Build:                
  Host:                 
  Source directory:     .
  C compiler:           gcc
  CFLAGS:               -pipe -ggdb -g -O2

  ENABLED Ports:
    avr                 yes
    ds390               yes
    ds400               yes
    gbz80               yes
    hc08                yes
    mcs51               yes
    pic                 yes
    pic16               yes
    xa51                yes
    z80                 yes

  Disable packihx:      0
  Disable ucsim:        0
  Disable device lib:   0
  Disable sdcpp:        0
  Disable sdcdb:        0
  Enable documentation: 0
  Enable libgc:         0

  Install paths:
    binary files:       ${prefix}
    include files:      ${datarootdir}/sdcc/include
    library files:      ${datarootdir}/sdcc/lib
    documentation:      ${datarootdir}/doc/${PACKAGE}

    prefix:             /usr/local
    datadir:            ${datarootdir}
    datarootdir:        ${prefix}/share

  Search paths (incomplete, see manual for all search paths):
    binary files:       $SDCC_HOME/bin
    include files:      /share/sdcc/include
                        path(argv[0])/../share/sdcc/include
                        /usr/local/share/sdcc/include
    library files:      $SDCC_HOME/share/sdcc/lib/<model>
                        path(argv[0])/../share/sdcc/lib/<model>
                        /usr/local/share/sdcc/lib/<model>


## ---------------- ##
## Cache variables. ##
## ---------------- ##

ac_cv_c_char_unsigned=no
ac_cv_c_compiler_gnu=yes
ac_cv_env_CC_set=
ac_cv_env_CC_value=
ac_cv_env_CFLAGS_set=
ac_cv_env_CFLAGS_value=
ac_cv_env_CPPFLAGS_set=
ac_cv_env_CPPFLAGS_value=
ac_cv_env_CPP_set=
ac_cv_env_CPP_value=
ac_cv_env_LDFLAGS_set=
ac_cv_env_LDFLAGS_value=
ac_cv_env_LIBS_set=
ac_cv_env_LIBS_value=
ac_cv_env_build_alias_set=
ac_cv_env_build_alias_value=
ac_cv_env_docdir_set=set
ac_cv_env_docdir_value='${datarootdir}/doc/${PACKAGE}'
ac_cv_env_host_alias_set=
ac_cv_env_host_alias_value=
ac_cv_env_include_dir_suffix_set=
ac_cv_env_include_dir_suffix_value=
ac_cv_env_lib_dir_suffix_set=
ac_cv_env_lib_dir_suffix_value=
ac_cv_env_sdccconf_h_dir_separator_set=
ac_cv_env_sdccconf_h_dir_separator_value=
ac_cv_env_target_alias_set=
ac_cv_env_target_alias_value=
ac_cv_func_mkstemp=yes
ac_cv_func_snprintf=yes
ac_cv_func_strerror=yes
ac_cv_func_vsnprintf=yes
ac_cv_func_vsprintf=yes
ac_cv_header_inttypes_h=yes
ac_cv_header_memory_h=yes
ac_cv_header_stdc=yes
ac_cv_header_stdint_h=yes
ac_cv_header_stdlib_h=yes
ac_cv_header_string_h=yes
ac_cv_header_strings_h=yes
ac_cv_header_sys_stat_h=yes
ac_cv_header_sys_types_h=yes
ac_cv_header_unistd_h=yes
ac_cv_objext=o
ac_cv_path_EGREP='/bin/grep -E'
ac_cv_path_GREP=/bin/grep
ac_cv_path_install='/usr/bin/install -c'
ac_cv_prog_AS=as
ac_cv_prog_AUTOCONF=autoconf
ac_cv_prog_AWK=gawk
ac_cv_prog_CP=cp
ac_cv_prog_CPP='gcc -E'
ac_cv_prog_LEX=flex
ac_cv_prog_STRIP=strip
ac_cv_prog_YACC='bison -y'
ac_cv_prog_ac_ct_CC=gcc
ac_cv_prog_ac_ct_RANLIB=ranlib
ac_cv_prog_cc_c89=
ac_cv_prog_cc_g=yes
ac_cv_sizeof_char=1
ac_cv_sizeof_int=4
ac_cv_sizeof_long=8
ac_cv_sizeof_short=2
ac_cv_type_char=yes
ac_cv_type_int=yes
ac_cv_type_long=yes
ac_cv_type_short=yes
ac_cv_type_signal=void
sdcc_cv_CCggdb=yes
sdcc_cv_CCpipe=yes
sdcc_cv_MM=-MM
sdcc_cv_build_bigendian=no
sdcc_cv_version=2.8.0
sdcc_cv_versionhi=2
sdcc_cv_versionlo=8
sdcc_cv_versionp=0

## ----------------- ##
## Output variables. ##
## ----------------- ##

AS='as'
AUTOCONF='autoconf'
AWK='gawk'
CC='gcc'
CFLAGS='-pipe -ggdb -g -O2'
CP='cp'
CPP='gcc -E'
CPPFLAGS=''
DEFS='-DHAVE_CONFIG_H'
ECHO_C=''
ECHO_N='-n'
ECHO_T=''
EGREP='/bin/grep -E'
EXEEXT=''
GREP='/bin/grep'
INSTALL_DATA='${INSTALL} -m 644'
INSTALL_PROGRAM='${INSTALL}'
INSTALL_SCRIPT='${INSTALL}'
LATEX2HTML=''
LDFLAGS=''
LEX='flex'
LIBOBJS=''
LIBS=''
LTLIBOBJS=''
LYX=''
MAKEINDEX=''
M_OR_MM='-MM'
OBJEXT='o'
OPT_DISABLE_AVR='0'
OPT_DISABLE_DEVICE_LIB='0'
OPT_DISABLE_DS390='0'
OPT_DISABLE_DS400='0'
OPT_DISABLE_GBZ80='0'
OPT_DISABLE_HC08='0'
OPT_DISABLE_MCS51='0'
OPT_DISABLE_PACKIHX='0'
OPT_DISABLE_PIC16='0'
OPT_DISABLE_PIC='0'
OPT_DISABLE_SDCDB='0'
OPT_DISABLE_SDCPP='0'
OPT_DISABLE_UCSIM='0'
OPT_DISABLE_XA51='0'
OPT_DISABLE_Z80='0'
OPT_ENABLE_DOC='0'
OPT_ENABLE_LIBGC='0'
PACKAGE_BUGREPORT=''
PACKAGE_NAME=''
PACKAGE_STRING=''
PACKAGE_TARNAME=''
PACKAGE_VERSION=''
PATH_SEPARATOR=':'
PDFLATEX=''
PDFOPT=''
RANLIB='ranlib'
SHELL='/bin/bash'
STRIP='strip'
VERSION='2.8.0'
VERSIONHI='2'
VERSIONLO='8'
VERSIONP='0'
YACC='bison -y'
ac_ct_CC='gcc'
bindir='${exec_prefix}/bin'
build_alias=''
datadir='${datarootdir}'
datarootdir='${prefix}/share'
docdir='${datarootdir}/doc/${PACKAGE}'
dvidir='${docdir}'
exec_prefix='${prefix}'
host_alias=''
htmldir='${docdir}'
include_dir_suffix='sdcc/include'
includedir='${prefix}/include'
infodir='${datarootdir}/info'
lib_dir_suffix='sdcc/lib'
libdir='${exec_prefix}/lib'
libexecdir='${exec_prefix}/libexec'
localedir='${datarootdir}/locale'
localstatedir='${prefix}/var'
mandir='${datarootdir}/man'
oldincludedir='/usr/include'
pdfdir='${docdir}'
prefix='/usr/local'
program_transform_name='s,x,x,'
psdir='${docdir}'
sbindir='${exec_prefix}/sbin'
sdccconf_h_dir_separator='/'
sharedstatedir='${prefix}/com'
subdirs=' support/cpp2 support/packihx sim/ucsim debugger/mcs51 device/lib/pic device/lib/pic16'
sysconfdir='${prefix}/etc'
target_alias=''

## ----------- ##
## confdefs.h. ##
## ----------- ##

#define PACKAGE_NAME ""
#define PACKAGE_TARNAME ""
#define PACKAGE_VERSION ""
#define PACKAGE_STRING ""
#define PACKAGE_BUGREPORT ""
#define SDCC_VERSION_LO 8
#define SDCC_VERSION_HI 2
#define SDCC_VERSION_P 0
#define SDCC_VERSION_STR "2.8.0"
#define HAVE_STRERROR 1
#define HAVE_VSNPRINTF 1
#define HAVE_SNPRINTF 1
#define HAVE_VSPRINTF 1
#define HAVE_MKSTEMP 1
#define RETSIGTYPE void
#define STDC_HEADERS 1
#define HAVE_SYS_TYPES_H 1
#define HAVE_SYS_STAT_H 1
#define HAVE_STDLIB_H 1
#define HAVE_STRING_H 1
#define HAVE_MEMORY_H 1
#define HAVE_STRINGS_H 1
#define HAVE_INTTYPES_H 1
#define HAVE_STDINT_H 1
#define HAVE_UNISTD_H 1
#define SIZEOF_CHAR 1
#define SIZEOF_SHORT 2
#define SIZEOF_INT 4
#define SIZEOF_LONG 8
#define TYPE_BYTE char
#define TYPE_WORD short
#define TYPE_DWORD int
#define TYPE_UBYTE unsigned char
#define TYPE_UWORD unsigned short
#define TYPE_UDWORD unsigned int
#define DIR_SEPARATOR_STRING "/"
#define DIR_SEPARATOR_CHAR   '/'
#define PREFIX "/usr/local"
#define EXEC_PREFIX "/usr/local"
#define BINDIR "/usr/local/bin"
#define DATADIR "/usr/local/share"
#define INCLUDE_DIR_SUFFIX DIR_SEPARATOR_STRING "sdcc/include"
#define LIB_DIR_SUFFIX DIR_SEPARATOR_STRING "sdcc/lib"
#define BIN2DATA_DIR DIR_SEPARATOR_STRING "../share"
#define PREFIX2BIN_DIR DIR_SEPARATOR_STRING "bin"
#define PREFIX2DATA_DIR DIR_SEPARATOR_STRING "share"
#define STD_LIB "libsdcc"
#define STD_INT_LIB "libint"
#define STD_LONG_LIB "liblong"
#define STD_FP_LIB "libfloat"
#define STD_DS390_LIB "libds390"
#define STD_DS400_LIB "libds400"
#define STD_XA51_LIB "libxa51"
#define SDCC_DIR_NAME "SDCC_HOME"
#define SDCC_INCLUDE_NAME "SDCC_INCLUDE"
#define SDCC_LIB_NAME "SDCC_LIB"
#define OPT_DISABLE_MCS51 0
#define OPT_DISABLE_GBZ80 0
#define OPT_DISABLE_Z80 0
#define OPT_DISABLE_AVR 0
#define OPT_DISABLE_DS390 0
#define OPT_DISABLE_TININative 0
#define OPT_DISABLE_DS400 0
#define OPT_DISABLE_PIC 0
#define OPT_DISABLE_PIC16 0
#define OPT_DISABLE_XA51 0
#define OPT_DISABLE_HC08 0
#define OPT_DISABLE_UCSIM 0
#define OPT_DISABLE_DEVICE_LIB 0
#define OPT_DISABLE_PACKIHX 0
#define OPT_DISABLE_SDCPP 0
#define OPT_DISABLE_SDCDB 0
#define OPT_ENABLE_DOC 0
#define OPT_ENABLE_LIBGC 0

configure: exit 0
