This file contains any messages produced by compilers while
running configure, to aid debugging if configure makes a mistake.

It was created by configure, which was
generated by GNU Autoconf 2.61.  Invocation command line was

  $ ./configure --prefix=/usr/local docdir=${datarootdir}/doc/${PACKAGE} --cache-file=/dev/null --srcdir=.

## --------- ##
## Platform. ##
## --------- ##

hostname = BUZZ-04
uname -m = x86_64
uname -r = 4.4.0-87-generic
uname -s = Linux
uname -v = #110-Ubuntu SMP Tue Jul 18 12:55:35 UTC 2017

/usr/bin/uname -p = unknown
/bin/uname -X     = unknown

/bin/arch              = unknown
/usr/bin/arch -k       = unknown
/usr/convex/getsysinfo = unknown
/usr/bin/hostinfo      = unknown
/bin/machine           = unknown
/usr/bin/oslevel       = unknown
/bin/universe          = unknown

PATH: /home/me/bin
PATH: /home/me/.local/bin
PATH: /usr/local/sbin
PATH: /usr/local/bin
PATH: /usr/sbin
PATH: /usr/bin
PATH: /sbin
PATH: /bin
PATH: /usr/games
PATH: /usr/local/games
PATH: /snap/bin


## ----------- ##
## Core tests. ##
## ----------- ##

configure:1626: checking for gpasm
configure:1642: found /usr/bin/gpasm
configure:1654: result: gpasm
configure:1664: checking for gplink
configure:1680: found /usr/bin/gplink
configure:1692: result: gplink
configure:1702: checking for gplib
configure:1718: found /usr/bin/gplib
configure:1730: result: gplib
configure:1741: checking for rm
configure:1757: found /bin/rm
configure:1769: result: rm -f
configure:1779: checking for cp
configure:1795: found /bin/cp
configure:1807: result: cp
configure:1817: checking for mv
configure:1833: found /bin/mv
configure:1845: result: mv
configure:1855: checking for ls
configure:1871: found /bin/ls
configure:1883: result: ls
configure:1893: checking for sed
configure:1909: found /bin/sed
configure:1921: result: sed
configure:1929: checking for grep that handles long lines and -e
configure:2003: result: /bin/grep
configure:2008: checking for egrep
configure:2086: result: /bin/grep -E
configure:2093: checking for mkdir
configure:2109: found /bin/mkdir
configure:2121: result: mkdir -p
configure:2131: checking for rm
configure:2147: found /bin/rm
configure:2159: result: rm -rf
configure:2168: checking whether make sets $(MAKE)
configure:2189: result: yes
configure:2341: creating ./config.status

## ---------------------- ##
## Running config.status. ##
## ---------------------- ##

This file was extended by config.status, which was
generated by GNU Autoconf 2.61.  Invocation command line was

  CONFIG_FILES    = 
  CONFIG_HEADERS  = 
  CONFIG_LINKS    = 
  CONFIG_COMMANDS = 
  $ ./config.status 

on BUZZ-04

config.status:603: creating Makefile
config.status:603: creating Makefile.common
config.status:603: creating debug/Makefile
config.status:603: creating debug/gstack/Makefile
config.status:603: creating libc/Makefile
config.status:603: creating libc/ctype/Makefile
config.status:603: creating libc/delay/Makefile
config.status:603: creating libc/stdio/Makefile
config.status:603: creating libc/stdlib/Makefile
config.status:603: creating libc/string/Makefile
config.status:603: creating libc/utils/Makefile
config.status:603: creating libdev/Makefile
config.status:603: creating libio/Makefile
config.status:603: creating libio/adc/Makefile
config.status:603: creating libio/i2c/Makefile
config.status:603: creating libio/usart/Makefile
config.status:603: creating libm/Makefile
config.status:603: creating libsdcc/Makefile
config.status:603: creating libsdcc/char/Makefile
config.status:603: creating libsdcc/fixed16x16/Makefile
config.status:603: creating libsdcc/float/Makefile
config.status:603: creating libsdcc/gptr/Makefile
config.status:603: creating libsdcc/int/Makefile
config.status:603: creating libsdcc/long/Makefile
config.status:603: creating libsdcc/lregs/Makefile
config.status:603: creating libsdcc/stack/Makefile
config.status:603: creating startup/Makefile

## ---------------- ##
## Cache variables. ##
## ---------------- ##

ac_cv_env_build_alias_set=
ac_cv_env_build_alias_value=
ac_cv_env_host_alias_set=
ac_cv_env_host_alias_value=
ac_cv_env_target_alias_set=
ac_cv_env_target_alias_value=
ac_cv_path_EGREP='/bin/grep -E'
ac_cv_path_GREP=/bin/grep
ac_cv_prog_CP=cp
ac_cv_prog_GPASM=gpasm
ac_cv_prog_GPLIB=gplib
ac_cv_prog_GPLINK=gplink
ac_cv_prog_LS=ls
ac_cv_prog_MKDIR='mkdir -p'
ac_cv_prog_MV=mv
ac_cv_prog_RM='rm -f'
ac_cv_prog_RMDIR='rm -rf'
ac_cv_prog_SED=sed
ac_cv_prog_make_make_set=yes

## ----------------- ##
## Output variables. ##
## ----------------- ##

CP='cp'
DEFS='-DPACKAGE_NAME=\"\" -DPACKAGE_TARNAME=\"\" -DPACKAGE_VERSION=\"\" -DPACKAGE_STRING=\"\" -DPACKAGE_BUGREPORT=\"\"'
ECHO_C=''
ECHO_N='-n'
ECHO_T=''
EGREP='/bin/grep -E'
GPASM='gpasm'
GPLIB='gplib'
GPLINK='gplink'
GREP='/bin/grep'
LIBOBJS=''
LIBS=''
LS='ls'
LTLIBOBJS=''
MKDIR='mkdir -p'
MV='mv'
PACKAGE_BUGREPORT=''
PACKAGE_NAME=''
PACKAGE_STRING=''
PACKAGE_TARNAME=''
PACKAGE_VERSION=''
PATH_SEPARATOR=':'
RM='rm -f'
RMDIR='rm -rf'
SED='sed'
SET_MAKE=''
SHELL='/bin/bash'
bindir='${exec_prefix}/bin'
build_alias=''
datadir='${datarootdir}'
datarootdir='${prefix}/share'
docdir='${datarootdir}/doc/${PACKAGE}'
dvidir='${docdir}'
exec_prefix='${prefix}'
host_alias=''
htmldir='${docdir}'
includedir='${prefix}/include'
infodir='${datarootdir}/info'
libdir='${exec_prefix}/lib'
libexecdir='${exec_prefix}/libexec'
localedir='${datarootdir}/locale'
localstatedir='${prefix}/var'
mandir='${datarootdir}/man'
oldincludedir='/usr/include'
pdfdir='${docdir}'
prefix='/usr/local'
program_transform_name='s,x,x,'
psdir='${docdir}'
sbindir='${exec_prefix}/sbin'
sharedstatedir='${prefix}/com'
sysconfdir='${prefix}/etc'
target_alias=''

## ----------- ##
## confdefs.h. ##
## ----------- ##

#define PACKAGE_NAME ""
#define PACKAGE_TARNAME ""
#define PACKAGE_VERSION ""
#define PACKAGE_STRING ""
#define PACKAGE_BUGREPORT ""

configure: exit 0
